<?xml version="1.0" encoding="UTF-8"?>
<!-- Generated by org.testng.reporters.JUnitReportReporter -->
<testsuite hostname="BIKASH" failures="0" tests="2" name="miniproject.AmazonPage" time="20.456" errors="0" timestamp="2024-01-28T19:00:53 IST" skipped="0">
  <testcase classname="miniproject.AmazonPage" name="verifyLogo" time="12.024"/>
  <testcase classname="miniproject.AmazonPage" name="verifyTitle" time="8.432"/>
</testsuite> <!-- miniproject.AmazonPage -->
